
2023/12/06 (10:41:36) | ===> btop++ v.1.2.13
2023/12/06 (10:41:36) | INFO: Logger set to INFO
2023/12/06 (10:41:36) | INFO: Logger set to DEBUG
2023/12/06 (10:41:37) | INFO: Logger set to INFO

2024/01/25 (14:25:54) | ===> btop++ v.1.2.3
2024/01/25 (14:25:54) | ERROR: No tty detected!
btop++ needs an interactive shell to run.

2024/01/25 (14:26:08) | ===> btop++ v.1.2.3
2024/01/25 (14:26:08) | ERROR: No tty detected!
btop++ needs an interactive shell to run.

2024/01/29 (15:11:41) | ===> btop++ v.1.2.3
2024/01/29 (15:11:41) | ERROR: No tty detected!
btop++ needs an interactive shell to run.

2024/01/30 (10:09:33) | ===> btop++ v.1.2.3
2024/01/30 (10:09:33) | ERROR: No tty detected!
btop++ needs an interactive shell to run.

2024/03/11 (20:19:24) | ===> btop++ v.1.2.3
2024/03/11 (20:19:24) | ERROR: Stall in Runner thread, restarting!

2024/03/12 (15:37:42) | ===> btop++ v.1.2.3
2024/03/12 (15:37:42) | ERROR: Stall in Runner thread, restarting!

2024/03/14 (20:49:04) | ===> btop++ v.1.2.3
2024/03/14 (20:49:04) | ERROR: Stall in Runner thread, restarting!

2024/03/15 (14:04:06) | ===> btop++ v.1.2.3
2024/03/15 (14:04:06) | ERROR: Stall in Runner thread, restarting!

2024/03/18 (19:34:21) | ===> btop++ v.1.2.3
2024/03/18 (19:34:21) | ERROR: Stall in Runner thread, restarting!
